{"/Users/ricardo/src/listenup/src/server.ts": {"path":"/Users/ricardo/src/listenup/src/server.ts","statementMap":{"0":{"start":{"line":1,"column":0},"end":{"line":1,"column":37}},"1":{"start":{"line":2,"column":0},"end":{"line":2,"column":30}},"2":{"start":{"line":3,"column":0},"end":{"line":3,"column":26}},"3":{"start":{"line":4,"column":0},"end":{"line":4,"column":41}},"4":{"start":{"line":6,"column":0},"end":{"line":6,"column":27}},"5":{"start":{"line":8,"column":12},"end":{"line":8,"column":21}},"6":{"start":{"line":9,"column":13},"end":{"line":9,"column":37}},"7":{"start":{"line":11,"column":0},"end":{"line":11,"column":27}},"8":{"start":{"line":12,"column":0},"end":{"line":12,"column":51}},"9":{"start":{"line":14,"column":0},"end":{"line":14,"column":35}},"10":{"start":{"line":15,"column":0},"end":{"line":15,"column":25}},"11":{"start":{"line":17,"column":0},"end":{"line":17,"column":34}},"12":{"start":{"line":19,"column":0},"end":{"line":21,"column":3}},"13":{"start":{"line":20,"column":4},"end":{"line":20,"column":65}}},"fnMap":{"0":{"name":"(anonymous_1)","decl":{"start":{"line":19,"column":32},"end":{"line":19,"column":null}},"loc":{"start":{"line":19,"column":32},"end":{"line":21,"column":1}}}},"branchMap":{"0":{"loc":{"start":{"line":9,"column":13},"end":{"line":9,"column":29}},"type":"binary-expr","locations":[{"start":{"line":9,"column":13},"end":{"line":9,"column":29}},{"start":{"line":9,"column":33},"end":{"line":9,"column":37}}]}},"s":{"0":1,"1":1,"2":1,"3":1,"4":1,"5":1,"6":1,"7":1,"8":1,"9":1,"10":1,"11":1,"12":1,"13":1},"f":{"0":1},"b":{"0":[1,0]}}
,"/Users/ricardo/src/listenup/src/cross/get-indexed-username.ts": {"path":"/Users/ricardo/src/listenup/src/cross/get-indexed-username.ts","statementMap":{"0":{"start":{"line":1,"column":0},"end":{"line":1,"column":55}},"1":{"start":{"line":1,"column":34},"end":{"line":1,"column":55}}},"fnMap":{"0":{"name":"(anonymous_0)","decl":{"start":{"line":1,"column":15},"end":{"line":1,"column":16}},"loc":{"start":{"line":1,"column":29},"end":{"line":1,"column":47}}}},"branchMap":{},"s":{"0":1,"1":12},"f":{"0":12},"b":{}}
,"/Users/ricardo/src/listenup/src/cross/make-axios-resilent.ts": {"path":"/Users/ricardo/src/listenup/src/cross/make-axios-resilent.ts","statementMap":{"0":{"start":{"line":1,"column":0},"end":{"line":1,"column":26}},"1":{"start":{"line":2,"column":22},"end":{"line":2,"column":36}},"2":{"start":{"line":4,"column":1},"end":{"line":6,"column":2}},"3":{"start":{"line":8,"column":0},"end":{"line":8,"column":45}}},"fnMap":{},"branchMap":{},"s":{"0":2,"1":2,"2":2,"3":2},"f":{},"b":{}}
,"/Users/ricardo/src/listenup/src/cross/to-camel.ts": {"path":"/Users/ricardo/src/listenup/src/cross/to-camel.ts","statementMap":{"0":{"start":{"line":1,"column":0},"end":{"line":6,"column":25}},"1":{"start":{"line":2,"column":4},"end":{"line":6,"column":25}},"2":{"start":{"line":3,"column":4},"end":{"line":5,"column":26}}},"fnMap":{"0":{"name":"(anonymous_0)","decl":{"start":{"line":1,"column":15},"end":{"line":1,"column":16}},"loc":{"start":{"line":1,"column":25},"end":{"line":2,"column":5}}},"1":{"name":"(anonymous_1)","decl":{"start":{"line":2,"column":31},"end":{"line":2,"column":32}},"loc":{"start":{"line":2,"column":34},"end":{"line":3,"column":6}}}},"branchMap":{},"s":{"0":1,"1":12,"2":12},"f":{"0":12,"1":12},"b":{}}
,"/Users/ricardo/src/listenup/src/gateways/friends.gateway.ts": {"path":"/Users/ricardo/src/listenup/src/gateways/friends.gateway.ts","statementMap":{"0":{"start":{"line":1,"column":0},"end":{"line":1,"column":26}},"1":{"start":{"line":2,"column":0},"end":{"line":2,"column":38}},"2":{"start":{"line":3,"column":0},"end":{"line":3,"column":31}},"3":{"start":{"line":5,"column":0},"end":{"line":5,"column":27}},"4":{"start":{"line":7,"column":16},"end":{"line":7,"column":82}},"5":{"start":{"line":18,"column":13},"end":{"line":21,"column":2}},"6":{"start":{"line":18,"column":26},"end":{"line":21,"column":2}},"7":{"start":{"line":19,"column":28},"end":{"line":19,"column":null}},"8":{"start":{"line":19,"column":10},"end":{"line":19,"column":null}},"9":{"start":{"line":20,"column":4},"end":{"line":20,"column":32}},"10":{"start":{"line":23,"column":13},"end":{"line":26,"column":2}},"11":{"start":{"line":23,"column":56},"end":{"line":26,"column":2}},"12":{"start":{"line":24,"column":35},"end":{"line":24,"column":null}},"13":{"start":{"line":24,"column":10},"end":{"line":24,"column":null}},"14":{"start":{"line":25,"column":4},"end":{"line":25,"column":39}}},"fnMap":{"0":{"name":"(anonymous_13)","decl":{"start":{"line":18,"column":26},"end":{"line":18,"column":null}},"loc":{"start":{"line":18,"column":26},"end":{"line":21,"column":2}}},"1":{"name":"(anonymous_16)","decl":{"start":{"line":23,"column":33},"end":{"line":23,"column":40}},"loc":{"start":{"line":23,"column":56},"end":{"line":26,"column":2}}},"2":{"name":"(anonymous_17)","decl":{"start":{"line":23,"column":56},"end":{"line":23,"column":null}},"loc":{"start":{"line":23,"column":56},"end":{"line":26,"column":2}}}},"branchMap":{"0":{"loc":{"start":{"line":7,"column":16},"end":{"line":7,"column":47}},"type":"binary-expr","locations":[{"start":{"line":7,"column":16},"end":{"line":7,"column":47}},{"start":{"line":7,"column":51},"end":{"line":7,"column":82}}]},"1":{"loc":{"start":{"line":19,"column":28},"end":{"line":19,"column":null}},"type":"switch","locations":[{"start":{"line":19,"column":28},"end":{"line":19,"column":null}}]},"2":{"loc":{"start":{"line":24,"column":35},"end":{"line":24,"column":null}},"type":"switch","locations":[{"start":{"line":24,"column":35},"end":{"line":24,"column":null}}]}},"s":{"0":2,"1":1,"2":1,"3":1,"4":1,"5":1,"6":0,"7":0,"8":0,"9":0,"10":1,"11":0,"12":0,"13":0,"14":0},"f":{"0":0,"1":0,"2":0},"b":{"0":[1,0],"1":[0],"2":[0]}}
,"/Users/ricardo/src/listenup/src/gateways/plays.gateway.ts": {"path":"/Users/ricardo/src/listenup/src/gateways/plays.gateway.ts","statementMap":{"0":{"start":{"line":1,"column":0},"end":{"line":1,"column":26}},"1":{"start":{"line":2,"column":0},"end":{"line":2,"column":38}},"2":{"start":{"line":3,"column":0},"end":{"line":3,"column":31}},"3":{"start":{"line":5,"column":0},"end":{"line":5,"column":27}},"4":{"start":{"line":7,"column":16},"end":{"line":7,"column":78}},"5":{"start":{"line":13,"column":13},"end":{"line":16,"column":2}},"6":{"start":{"line":13,"column":51},"end":{"line":16,"column":2}},"7":{"start":{"line":14,"column":26},"end":{"line":14,"column":null}},"8":{"start":{"line":14,"column":10},"end":{"line":14,"column":null}},"9":{"start":{"line":15,"column":4},"end":{"line":15,"column":30}}},"fnMap":{"0":{"name":"(anonymous_13)","decl":{"start":{"line":13,"column":28},"end":{"line":13,"column":35}},"loc":{"start":{"line":13,"column":51},"end":{"line":16,"column":2}}},"1":{"name":"(anonymous_14)","decl":{"start":{"line":13,"column":51},"end":{"line":13,"column":null}},"loc":{"start":{"line":13,"column":51},"end":{"line":16,"column":2}}}},"branchMap":{"0":{"loc":{"start":{"line":7,"column":16},"end":{"line":7,"column":45}},"type":"binary-expr","locations":[{"start":{"line":7,"column":16},"end":{"line":7,"column":45}},{"start":{"line":7,"column":49},"end":{"line":7,"column":78}}]},"1":{"loc":{"start":{"line":14,"column":26},"end":{"line":14,"column":null}},"type":"switch","locations":[{"start":{"line":14,"column":26},"end":{"line":14,"column":null}}]}},"s":{"0":2,"1":1,"2":1,"3":1,"4":1,"5":1,"6":0,"7":0,"8":0,"9":0},"f":{"0":0,"1":0},"b":{"0":[1,0],"1":[0]}}
,"/Users/ricardo/src/listenup/src/user/index.ts": {"path":"/Users/ricardo/src/listenup/src/user/index.ts","statementMap":{"0":{"start":{"line":1,"column":0},"end":{"line":1,"column":7}},"1":{"start":{"line":3,"column":19},"end":{"line":1,"column":38}}},"fnMap":{},"branchMap":{},"s":{"0":1,"1":1},"f":{},"b":{}}
,"/Users/ricardo/src/listenup/src/user/user.controller.ts": {"path":"/Users/ricardo/src/listenup/src/user/user.controller.ts","statementMap":{"0":{"start":{"line":1,"column":0},"end":{"line":1,"column":30}},"1":{"start":{"line":2,"column":0},"end":{"line":2,"column":51}},"2":{"start":{"line":4,"column":15},"end":{"line":4,"column":31}},"3":{"start":{"line":6,"column":0},"end":{"line":13,"column":3}},"4":{"start":{"line":6,"column":37},"end":{"line":13,"column":2}},"5":{"start":{"line":8,"column":22},"end":{"line":8,"column":null}},"6":{"start":{"line":8,"column":14},"end":{"line":8,"column":null}},"7":{"start":{"line":9,"column":8},"end":{"line":9,"column":45}},"8":{"start":{"line":11,"column":8},"end":{"line":11,"column":20}},"9":{"start":{"line":15,"column":0},"end":{"line":24,"column":3}},"10":{"start":{"line":15,"column":46},"end":{"line":24,"column":2}},"11":{"start":{"line":17,"column":21},"end":{"line":17,"column":null}},"12":{"start":{"line":17,"column":14},"end":{"line":17,"column":null}},"13":{"start":{"line":18,"column":8},"end":{"line":19,"column":62}},"14":{"start":{"line":19,"column":12},"end":{"line":19,"column":62}},"15":{"start":{"line":20,"column":8},"end":{"line":20,"column":30}},"16":{"start":{"line":22,"column":8},"end":{"line":22,"column":20}},"17":{"start":{"line":26,"column":0},"end":{"line":26,"column":22}}},"fnMap":{"0":{"name":"(anonymous_15)","decl":{"start":{"line":6,"column":16},"end":{"line":6,"column":23}},"loc":{"start":{"line":6,"column":37},"end":{"line":13,"column":2}}},"1":{"name":"(anonymous_16)","decl":{"start":{"line":6,"column":37},"end":{"line":6,"column":null}},"loc":{"start":{"line":6,"column":37},"end":{"line":13,"column":2}}},"2":{"name":"(anonymous_18)","decl":{"start":{"line":15,"column":25},"end":{"line":15,"column":32}},"loc":{"start":{"line":15,"column":46},"end":{"line":24,"column":2}}},"3":{"name":"(anonymous_19)","decl":{"start":{"line":15,"column":46},"end":{"line":15,"column":null}},"loc":{"start":{"line":15,"column":46},"end":{"line":24,"column":2}}}},"branchMap":{"0":{"loc":{"start":{"line":18,"column":8},"end":{"line":19,"column":62}},"type":"if","locations":[{"start":{"line":18,"column":8},"end":{"line":19,"column":62}},{"start":{"line":18,"column":8},"end":{"line":19,"column":62}}]}},"s":{"0":2,"1":1,"2":1,"3":1,"4":1,"5":1,"6":1,"7":1,"8":0,"9":1,"10":3,"11":3,"12":3,"13":3,"14":0,"15":3,"16":0,"17":1},"f":{"0":1,"1":1,"2":3,"3":3},"b":{"0":[0,3]}}
,"/Users/ricardo/src/listenup/src/user/user.service.ts": {"path":"/Users/ricardo/src/listenup/src/user/user.service.ts","statementMap":{"0":{"start":{"line":1,"column":0},"end":{"line":1,"column":76}},"1":{"start":{"line":2,"column":0},"end":{"line":2,"column":57}},"2":{"start":{"line":5,"column":24},"end":{"line":17,"column":2}},"3":{"start":{"line":5,"column":48},"end":{"line":17,"column":2}},"4":{"start":{"line":6,"column":10},"end":{"line":6,"column":52}},"5":{"start":{"line":7,"column":10},"end":{"line":7,"column":59}},"6":{"start":{"line":9,"column":45},"end":{"line":9,"column":null}},"7":{"start":{"line":9,"column":10},"end":{"line":9,"column":45}},"8":{"start":{"line":11,"column":4},"end":{"line":16,"column":6}},"9":{"start":{"line":19,"column":13},"end":{"line":30,"column":2}},"10":{"start":{"line":19,"column":24},"end":{"line":30,"column":2}},"11":{"start":{"line":20,"column":28},"end":{"line":20,"column":null}},"12":{"start":{"line":20,"column":10},"end":{"line":20,"column":null}},"13":{"start":{"line":22,"column":4},"end":{"line":23,"column":85}},"14":{"start":{"line":23,"column":8},"end":{"line":23,"column":85}},"15":{"start":{"line":25,"column":10},"end":{"line":25,"column":42}},"16":{"start":{"line":26,"column":10},"end":{"line":26,"column":82}},"17":{"start":{"line":26,"column":50},"end":{"line":26,"column":81}},"18":{"start":{"line":27,"column":26},"end":{"line":27,"column":null}},"19":{"start":{"line":27,"column":10},"end":{"line":27,"column":null}},"20":{"start":{"line":29,"column":4},"end":{"line":29,"column":25}},"21":{"start":{"line":32,"column":13},"end":{"line":42,"column":2}},"22":{"start":{"line":32,"column":46},"end":{"line":42,"column":2}},"23":{"start":{"line":33,"column":22},"end":{"line":33,"column":null}},"24":{"start":{"line":33,"column":12},"end":{"line":33,"column":22}},"25":{"start":{"line":34,"column":24},"end":{"line":34,"column":null}},"26":{"start":{"line":34,"column":12},"end":{"line":34,"column":24}},"27":{"start":{"line":35,"column":4},"end":{"line":41,"column":null}},"28":{"start":{"line":39,"column":46},"end":{"line":39,"column":75}}},"fnMap":{"0":{"name":"(anonymous_13)","decl":{"start":{"line":5,"column":24},"end":{"line":5,"column":31}},"loc":{"start":{"line":5,"column":48},"end":{"line":17,"column":2}}},"1":{"name":"(anonymous_14)","decl":{"start":{"line":5,"column":48},"end":{"line":5,"column":null}},"loc":{"start":{"line":5,"column":48},"end":{"line":17,"column":2}}},"2":{"name":"(anonymous_16)","decl":{"start":{"line":19,"column":24},"end":{"line":19,"column":null}},"loc":{"start":{"line":19,"column":24},"end":{"line":30,"column":2}}},"3":{"name":"(anonymous_19)","decl":{"start":{"line":26,"column":42},"end":{"line":26,"column":46}},"loc":{"start":{"line":26,"column":46},"end":{"line":26,"column":65}}},"4":{"name":"(anonymous_20)","decl":{"start":{"line":32,"column":23},"end":{"line":32,"column":30}},"loc":{"start":{"line":32,"column":46},"end":{"line":42,"column":2}}},"5":{"name":"(anonymous_21)","decl":{"start":{"line":32,"column":46},"end":{"line":32,"column":null}},"loc":{"start":{"line":32,"column":46},"end":{"line":42,"column":2}}},"6":{"name":"(anonymous_23)","decl":{"start":{"line":39,"column":29},"end":{"line":39,"column":30}},"loc":{"start":{"line":39,"column":41},"end":{"line":39,"column":51}}}},"branchMap":{"0":{"loc":{"start":{"line":20,"column":28},"end":{"line":20,"column":null}},"type":"switch","locations":[{"start":{"line":20,"column":28},"end":{"line":20,"column":null}}]},"1":{"loc":{"start":{"line":22,"column":4},"end":{"line":23,"column":85}},"type":"if","locations":[{"start":{"line":22,"column":4},"end":{"line":23,"column":85}},{"start":{"line":22,"column":4},"end":{"line":23,"column":85}}]},"2":{"loc":{"start":{"line":22,"column":8},"end":{"line":22,"column":32}},"type":"binary-expr","locations":[{"start":{"line":22,"column":8},"end":{"line":22,"column":32}},{"start":{"line":22,"column":36},"end":{"line":22,"column":67}}]},"3":{"loc":{"start":{"line":33,"column":22},"end":{"line":33,"column":null}},"type":"switch","locations":[{"start":{"line":33,"column":22},"end":{"line":33,"column":null}}]}},"s":{"0":2,"1":1,"2":1,"3":3,"4":3,"5":3,"6":3,"7":3,"8":3,"9":1,"10":1,"11":1,"12":1,"13":1,"14":0,"15":1,"16":1,"17":3,"18":1,"19":1,"20":1,"21":1,"22":3,"23":3,"24":3,"25":3,"26":3,"27":3,"28":12},"f":{"0":3,"1":3,"2":2,"3":3,"4":3,"5":3,"6":12},"b":{"0":[1],"1":[0,1],"2":[1,1],"3":[3]}}
,"/Users/ricardo/src/listenup/tests/fakes/friends.fake.ts": {"path":"/Users/ricardo/src/listenup/tests/fakes/friends.fake.ts","statementMap":{"0":{"start":{"line":1,"column":28},"end":{"line":1,"column":51}},"1":{"start":{"line":2,"column":0},"end":{"line":2,"column":61}},"2":{"start":{"line":4,"column":13},"end":{"line":13,"column":2}},"3":{"start":{"line":8,"column":8},"end":{"line":11,"column":null}},"4":{"start":{"line":15,"column":28},"end":{"line":15,"column":82}},"5":{"start":{"line":15,"column":48},"end":{"line":15,"column":81}},"6":{"start":{"line":15,"column":81},"end":{"line":18,"column":3}},"7":{"start":{"line":20,"column":13},"end":{"line":20,"column":60}},"8":{"start":{"line":21,"column":13},"end":{"line":21,"column":57}},"9":{"start":{"line":22,"column":13},"end":{"line":22,"column":52}}},"fnMap":{"0":{"name":"(anonymous_3)","decl":{"start":{"line":7,"column":9},"end":{"line":7,"column":17}},"loc":{"start":{"line":7,"column":17},"end":{"line":12,"column":5}}},"1":{"name":"(anonymous_4)","decl":{"start":{"line":15,"column":28},"end":{"line":15,"column":29}},"loc":{"start":{"line":15,"column":76},"end":{"line":15,"column":82}}}},"branchMap":{"0":{"loc":{"start":{"line":15,"column":48},"end":{"line":15,"column":81}},"type":"if","locations":[{"start":{"line":15,"column":48},"end":{"line":15,"column":81}},{"start":{"line":15,"column":48},"end":{"line":15,"column":81}}]}},"s":{"0":1,"1":1,"2":1,"3":3,"4":1,"5":4,"6":3,"7":1,"8":1,"9":1},"f":{"0":3,"1":3},"b":{"0":[1,2]}}
,"/Users/ricardo/src/listenup/tests/fakes/plays.fake.ts": {"path":"/Users/ricardo/src/listenup/tests/fakes/plays.fake.ts","statementMap":{"0":{"start":{"line":1,"column":0},"end":{"line":1,"column":61}},"1":{"start":{"line":3,"column":15},"end":{"line":13,"column":2}},"2":{"start":{"line":15,"column":33},"end":{"line":15,"column":86}},"3":{"start":{"line":15,"column":53},"end":{"line":15,"column":85}},"4":{"start":{"line":15,"column":85},"end":{"line":18,"column":3}},"5":{"start":{"line":16,"column":42},"end":{"line":16,"column":61}},"6":{"start":{"line":20,"column":13},"end":{"line":20,"column":91}},"7":{"start":{"line":21,"column":13},"end":{"line":21,"column":73}},"8":{"start":{"line":22,"column":13},"end":{"line":22,"column":62}}},"fnMap":{"0":{"name":"(anonymous_1)","decl":{"start":{"line":15,"column":33},"end":{"line":15,"column":34}},"loc":{"start":{"line":15,"column":80},"end":{"line":15,"column":86}}},"1":{"name":"(anonymous_2)","decl":{"start":{"line":16,"column":28},"end":{"line":16,"column":38}},"loc":{"start":{"line":16,"column":38},"end":{"line":16,"column":48}}}},"branchMap":{"0":{"loc":{"start":{"line":15,"column":53},"end":{"line":15,"column":85}},"type":"if","locations":[{"start":{"line":15,"column":53},"end":{"line":15,"column":85}},{"start":{"line":15,"column":53},"end":{"line":15,"column":85}}]}},"s":{"0":1,"1":1,"2":1,"3":4,"4":3,"5":12,"6":1,"7":1,"8":1},"f":{"0":3,"1":12},"b":{"0":[1,2]}}
}
