TN:
SF:/Users/ricardo/src/listenup/src/server.ts
FN:19,(anonymous_1)
FNF:1
FNH:1
FNDA:1,(anonymous_1)
DA:1,1
DA:2,1
DA:3,1
DA:4,1
DA:6,1
DA:8,1
DA:9,1
DA:11,1
DA:12,1
DA:14,1
DA:15,1
DA:17,1
DA:19,1
DA:20,1
LF:14
LH:14
BRDA:9,0,0,1
BRDA:9,0,1,0
BRF:2
BRH:1
end_of_record
TN:
SF:/Users/ricardo/src/listenup/src/cross/get-indexed-username.ts
FN:1,(anonymous_0)
FNF:1
FNH:1
FNDA:12,(anonymous_0)
DA:1,12
LF:1
LH:1
BRF:0
BRH:0
end_of_record
TN:
SF:/Users/ricardo/src/listenup/src/cross/make-axios-resilent.ts
FNF:0
FNH:0
DA:1,2
DA:2,2
DA:4,2
DA:8,2
LF:4
LH:4
BRF:0
BRH:0
end_of_record
TN:
SF:/Users/ricardo/src/listenup/src/cross/to-camel.ts
FN:1,(anonymous_0)
FN:2,(anonymous_1)
FNF:2
FNH:2
FNDA:12,(anonymous_0)
FNDA:12,(anonymous_1)
DA:1,1
DA:2,12
DA:3,12
LF:3
LH:3
BRF:0
BRH:0
end_of_record
TN:
SF:/Users/ricardo/src/listenup/src/gateways/friends.gateway.ts
FN:18,(anonymous_13)
FN:23,(anonymous_16)
FN:23,(anonymous_17)
FNF:3
FNH:0
FNDA:0,(anonymous_13)
FNDA:0,(anonymous_16)
FNDA:0,(anonymous_17)
DA:1,2
DA:2,1
DA:3,1
DA:5,1
DA:7,1
DA:18,1
DA:19,0
DA:20,0
DA:23,1
DA:24,0
DA:25,0
LF:11
LH:7
BRDA:7,0,0,1
BRDA:7,0,1,0
BRDA:19,1,0,0
BRDA:24,2,0,0
BRF:4
BRH:1
end_of_record
TN:
SF:/Users/ricardo/src/listenup/src/gateways/plays.gateway.ts
FN:13,(anonymous_13)
FN:13,(anonymous_14)
FNF:2
FNH:0
FNDA:0,(anonymous_13)
FNDA:0,(anonymous_14)
DA:1,2
DA:2,1
DA:3,1
DA:5,1
DA:7,1
DA:13,1
DA:14,0
DA:15,0
LF:8
LH:6
BRDA:7,0,0,1
BRDA:7,0,1,0
BRDA:14,1,0,0
BRF:3
BRH:1
end_of_record
TN:
SF:/Users/ricardo/src/listenup/src/user/index.ts
FNF:0
FNH:0
DA:1,1
DA:3,1
LF:2
LH:2
BRF:0
BRH:0
end_of_record
TN:
SF:/Users/ricardo/src/listenup/src/user/user.controller.ts
FN:6,(anonymous_15)
FN:6,(anonymous_16)
FN:15,(anonymous_18)
FN:15,(anonymous_19)
FNF:4
FNH:4
FNDA:1,(anonymous_15)
FNDA:1,(anonymous_16)
FNDA:3,(anonymous_18)
FNDA:3,(anonymous_19)
DA:1,2
DA:2,1
DA:4,1
DA:6,1
DA:8,1
DA:9,1
DA:11,0
DA:15,3
DA:17,3
DA:18,3
DA:19,0
DA:20,3
DA:22,0
DA:26,1
LF:14
LH:11
BRDA:18,0,0,0
BRDA:18,0,1,3
BRF:2
BRH:1
end_of_record
TN:
SF:/Users/ricardo/src/listenup/src/user/user.service.ts
FN:5,(anonymous_13)
FN:5,(anonymous_14)
FN:19,(anonymous_16)
FN:26,(anonymous_19)
FN:32,(anonymous_20)
FN:32,(anonymous_21)
FN:39,(anonymous_23)
FNF:7
FNH:7
FNDA:3,(anonymous_13)
FNDA:3,(anonymous_14)
FNDA:2,(anonymous_16)
FNDA:3,(anonymous_19)
FNDA:3,(anonymous_20)
FNDA:3,(anonymous_21)
FNDA:12,(anonymous_23)
DA:1,2
DA:2,1
DA:5,3
DA:6,3
DA:7,3
DA:9,3
DA:11,3
DA:19,1
DA:20,1
DA:22,1
DA:23,0
DA:25,1
DA:26,3
DA:27,1
DA:29,1
DA:32,3
DA:33,3
DA:34,3
DA:35,3
DA:39,12
LF:20
LH:19
BRDA:20,0,0,1
BRDA:22,1,0,0
BRDA:22,1,1,1
BRDA:22,2,0,1
BRDA:22,2,1,1
BRDA:33,3,0,3
BRF:6
BRH:5
end_of_record
TN:
SF:/Users/ricardo/src/listenup/tests/fakes/friends.fake.ts
FN:7,(anonymous_3)
FN:15,(anonymous_4)
FNF:2
FNH:2
FNDA:3,(anonymous_3)
FNDA:3,(anonymous_4)
DA:1,1
DA:2,1
DA:4,1
DA:8,3
DA:15,4
DA:20,1
DA:21,1
DA:22,1
LF:8
LH:8
BRDA:15,0,0,1
BRDA:15,0,1,2
BRF:2
BRH:2
end_of_record
TN:
SF:/Users/ricardo/src/listenup/tests/fakes/plays.fake.ts
FN:15,(anonymous_1)
FN:16,(anonymous_2)
FNF:2
FNH:2
FNDA:3,(anonymous_1)
FNDA:12,(anonymous_2)
DA:1,1
DA:3,1
DA:15,4
DA:16,12
DA:20,1
DA:21,1
DA:22,1
LF:7
LH:7
BRDA:15,0,0,1
BRDA:15,0,1,2
BRF:2
BRH:2
end_of_record
